[0.011s] Invoking command in '/home/dinethra/ros_bot/build/path_planning_in_ros2': CMAKE_PREFIX_PATH=${CMAKE_PREFIX_PATH}:/opt/ros/iron /usr/bin/cmake /home/dinethra/ros_bot/src/path_planning_in_ros2 -DCMAKE_INSTALL_PREFIX=/home/dinethra/ros_bot/install/path_planning_in_ros2
[0.049s] -- Found ament_cmake: 2.0.6 (/opt/ros/iron/share/ament_cmake/cmake)
[0.180s] -- Override CMake install command with custom implementation using symlinks instead of copying resources
[0.197s] -- Found ament_lint_auto: 0.14.4 (/opt/ros/iron/share/ament_lint_auto/cmake)
[0.261s] -- Added test 'copyright' to check source files copyright and LICENSE
[0.267s] -- Added test 'flake8' to check Python code syntax and style conventions
[0.267s] -- Configured 'flake8' exclude dirs and/or files: 
[0.268s] -- Added test 'lint_cmake' to check CMake code style
[0.268s] -- Added test 'pep257' to check Python code against some of the docstring style conventions in PEP 257
[0.270s] -- Added test 'xmllint' to check XML markup files
[0.272s] -- Configuring done
[0.278s] -- Generating done
[0.279s] -- Build files have been written to: /home/dinethra/ros_bot/build/path_planning_in_ros2
[0.282s] Invoked command in '/home/dinethra/ros_bot/build/path_planning_in_ros2' returned '0': CMAKE_PREFIX_PATH=${CMAKE_PREFIX_PATH}:/opt/ros/iron /usr/bin/cmake /home/dinethra/ros_bot/src/path_planning_in_ros2 -DCMAKE_INSTALL_PREFIX=/home/dinethra/ros_bot/install/path_planning_in_ros2
[0.283s] Invoking command in '/home/dinethra/ros_bot/build/path_planning_in_ros2': CMAKE_PREFIX_PATH=${CMAKE_PREFIX_PATH}:/opt/ros/iron /usr/bin/cmake --build /home/dinethra/ros_bot/build/path_planning_in_ros2 -- -j12 -l12
[0.308s] Invoked command in '/home/dinethra/ros_bot/build/path_planning_in_ros2' returned '0': CMAKE_PREFIX_PATH=${CMAKE_PREFIX_PATH}:/opt/ros/iron /usr/bin/cmake --build /home/dinethra/ros_bot/build/path_planning_in_ros2 -- -j12 -l12
[0.328s] Invoking command in '/home/dinethra/ros_bot/build/path_planning_in_ros2': CMAKE_PREFIX_PATH=${CMAKE_PREFIX_PATH}:/opt/ros/iron /usr/bin/cmake --install /home/dinethra/ros_bot/build/path_planning_in_ros2
[0.334s] -- Install configuration: ""
[0.334s] -- Execute custom install script
[0.335s] -- Up-to-date symlink: /home/dinethra/ros_bot/install/path_planning_in_ros2/share/path_planning_in_ros2/config/empty.yaml
[0.335s] -- Up-to-date symlink: /home/dinethra/ros_bot/install/path_planning_in_ros2/share/path_planning_in_ros2/description/robot.urdf.xacro
[0.336s] -- Up-to-date symlink: /home/dinethra/ros_bot/install/path_planning_in_ros2/share/path_planning_in_ros2/description/robot_core.xacrp
[0.336s] -- Up-to-date symlink: /home/dinethra/ros_bot/install/path_planning_in_ros2/share/path_planning_in_ros2/launch/rsp.launch.py
[0.337s] -- Up-to-date symlink: /home/dinethra/ros_bot/install/path_planning_in_ros2/share/path_planning_in_ros2/worlds/empty.world
[0.337s] -- Up-to-date symlink: /home/dinethra/ros_bot/install/path_planning_in_ros2/share/ament_index/resource_index/package_run_dependencies/path_planning_in_ros2
[0.337s] -- Up-to-date symlink: /home/dinethra/ros_bot/install/path_planning_in_ros2/share/ament_index/resource_index/parent_prefix_path/path_planning_in_ros2
[0.338s] -- Up-to-date symlink: /home/dinethra/ros_bot/install/path_planning_in_ros2/share/path_planning_in_ros2/environment/ament_prefix_path.sh
[0.338s] -- Up-to-date symlink: /home/dinethra/ros_bot/install/path_planning_in_ros2/share/path_planning_in_ros2/environment/ament_prefix_path.dsv
[0.338s] -- Up-to-date symlink: /home/dinethra/ros_bot/install/path_planning_in_ros2/share/path_planning_in_ros2/environment/path.sh
[0.338s] -- Up-to-date symlink: /home/dinethra/ros_bot/install/path_planning_in_ros2/share/path_planning_in_ros2/environment/path.dsv
[0.339s] -- Up-to-date symlink: /home/dinethra/ros_bot/install/path_planning_in_ros2/share/path_planning_in_ros2/local_setup.bash
[0.339s] -- Up-to-date symlink: /home/dinethra/ros_bot/install/path_planning_in_ros2/share/path_planning_in_ros2/local_setup.sh
[0.339s] -- Up-to-date symlink: /home/dinethra/ros_bot/install/path_planning_in_ros2/share/path_planning_in_ros2/local_setup.zsh
[0.339s] -- Up-to-date symlink: /home/dinethra/ros_bot/install/path_planning_in_ros2/share/path_planning_in_ros2/local_setup.dsv
[0.339s] -- Symlinking: /home/dinethra/ros_bot/install/path_planning_in_ros2/share/path_planning_in_ros2/package.dsv
[0.346s] -- Up-to-date symlink: /home/dinethra/ros_bot/install/path_planning_in_ros2/share/ament_index/resource_index/packages/path_planning_in_ros2
[0.346s] -- Up-to-date symlink: /home/dinethra/ros_bot/install/path_planning_in_ros2/share/path_planning_in_ros2/cmake/path_planning_in_ros2Config.cmake
[0.347s] -- Up-to-date symlink: /home/dinethra/ros_bot/install/path_planning_in_ros2/share/path_planning_in_ros2/cmake/path_planning_in_ros2Config-version.cmake
[0.347s] -- Up-to-date symlink: /home/dinethra/ros_bot/install/path_planning_in_ros2/share/path_planning_in_ros2/package.xml
[0.348s] Invoked command in '/home/dinethra/ros_bot/build/path_planning_in_ros2' returned '0': CMAKE_PREFIX_PATH=${CMAKE_PREFIX_PATH}:/opt/ros/iron /usr/bin/cmake --install /home/dinethra/ros_bot/build/path_planning_in_ros2
