[0.010s] Invoking command in '/home/dinethra/ros_bot/build/path_planning_in_ros2': CMAKE_PREFIX_PATH=/opt/ros/iron /usr/bin/cmake --build /home/dinethra/ros_bot/build/path_planning_in_ros2 -- -j12 -l12
[0.061s] Invoked command in '/home/dinethra/ros_bot/build/path_planning_in_ros2' returned '0': CMAKE_PREFIX_PATH=/opt/ros/iron /usr/bin/cmake --build /home/dinethra/ros_bot/build/path_planning_in_ros2 -- -j12 -l12
[0.080s] Invoking command in '/home/dinethra/ros_bot/build/path_planning_in_ros2': CMAKE_PREFIX_PATH=/opt/ros/iron /usr/bin/cmake --install /home/dinethra/ros_bot/build/path_planning_in_ros2
[0.085s] -- Install configuration: ""
[0.086s] -- Execute custom install script
[0.087s] -- Up-to-date symlink: /home/dinethra/ros_bot/install/path_planning_in_ros2/share/path_planning_in_ros2/config/empty.yaml
[0.087s] -- Up-to-date symlink: /home/dinethra/ros_bot/install/path_planning_in_ros2/share/path_planning_in_ros2/description/robot.urdf.xacro
[0.087s] -- Symlinking: /home/dinethra/ros_bot/install/path_planning_in_ros2/share/path_planning_in_ros2/description/robot_core.xacrp
[0.093s] -- Up-to-date symlink: /home/dinethra/ros_bot/install/path_planning_in_ros2/share/path_planning_in_ros2/launch/rsp.launch.py
[0.094s] -- Up-to-date symlink: /home/dinethra/ros_bot/install/path_planning_in_ros2/share/path_planning_in_ros2/worlds/empty.world
[0.094s] -- Up-to-date symlink: /home/dinethra/ros_bot/install/path_planning_in_ros2/share/ament_index/resource_index/package_run_dependencies/path_planning_in_ros2
[0.095s] -- Up-to-date symlink: /home/dinethra/ros_bot/install/path_planning_in_ros2/share/ament_index/resource_index/parent_prefix_path/path_planning_in_ros2
[0.095s] -- Up-to-date symlink: /home/dinethra/ros_bot/install/path_planning_in_ros2/share/path_planning_in_ros2/environment/ament_prefix_path.sh
[0.095s] -- Up-to-date symlink: /home/dinethra/ros_bot/install/path_planning_in_ros2/share/path_planning_in_ros2/environment/ament_prefix_path.dsv
[0.096s] -- Up-to-date symlink: /home/dinethra/ros_bot/install/path_planning_in_ros2/share/path_planning_in_ros2/environment/path.sh
[0.096s] -- Up-to-date symlink: /home/dinethra/ros_bot/install/path_planning_in_ros2/share/path_planning_in_ros2/environment/path.dsv
[0.096s] -- Up-to-date symlink: /home/dinethra/ros_bot/install/path_planning_in_ros2/share/path_planning_in_ros2/local_setup.bash
[0.096s] -- Up-to-date symlink: /home/dinethra/ros_bot/install/path_planning_in_ros2/share/path_planning_in_ros2/local_setup.sh
[0.097s] -- Up-to-date symlink: /home/dinethra/ros_bot/install/path_planning_in_ros2/share/path_planning_in_ros2/local_setup.zsh
[0.097s] -- Up-to-date symlink: /home/dinethra/ros_bot/install/path_planning_in_ros2/share/path_planning_in_ros2/local_setup.dsv
[0.097s] -- Symlinking: /home/dinethra/ros_bot/install/path_planning_in_ros2/share/path_planning_in_ros2/package.dsv
[0.103s] -- Up-to-date symlink: /home/dinethra/ros_bot/install/path_planning_in_ros2/share/ament_index/resource_index/packages/path_planning_in_ros2
[0.103s] -- Up-to-date symlink: /home/dinethra/ros_bot/install/path_planning_in_ros2/share/path_planning_in_ros2/cmake/path_planning_in_ros2Config.cmake
[0.103s] -- Up-to-date symlink: /home/dinethra/ros_bot/install/path_planning_in_ros2/share/path_planning_in_ros2/cmake/path_planning_in_ros2Config-version.cmake
[0.103s] -- Up-to-date symlink: /home/dinethra/ros_bot/install/path_planning_in_ros2/share/path_planning_in_ros2/package.xml
[0.105s] Invoked command in '/home/dinethra/ros_bot/build/path_planning_in_ros2' returned '0': CMAKE_PREFIX_PATH=/opt/ros/iron /usr/bin/cmake --install /home/dinethra/ros_bot/build/path_planning_in_ros2
