[0.141s] DEBUG:colcon:Command line arguments: ['/usr/bin/colcon', 'list', '-p', '--base-paths', '/home/dinethra/ros_bot']
[0.141s] DEBUG:colcon:Parsed command line arguments: Namespace(log_base=None, log_level=None, verb_name='list', build_base='build', ignore_user_meta=False, metas=['./colcon.meta'], base_paths=['/home/dinethra/ros_bot'], packages_ignore=None, packages_ignore_regex=None, paths=None, packages_up_to=None, packages_up_to_regex=None, packages_above=None, packages_above_and_dependencies=None, packages_above_depth=None, packages_select_by_dep=None, packages_skip_by_dep=None, packages_skip_up_to=None, packages_select_build_failed=False, packages_skip_build_finished=False, packages_select_test_failures=False, packages_skip_test_passed=False, packages_select=None, packages_skip=None, packages_select_regex=None, packages_skip_regex=None, packages_start=None, packages_end=None, allow_overriding=[], topological_order=False, names_only=False, paths_only=True, topological_graph=False, topological_graph_dot=False, topological_graph_density=False, topological_graph_legend=False, topological_graph_dot_cluster=False, topological_graph_dot_include_skipped=False, mixin_files=None, mixin=None, verb_parser=<colcon_mixin.mixin.mixin_argument.MixinArgumentDecorator object at 0x7fbb01a42020>, verb_extension=<colcon_package_information.verb.list.ListVerb object at 0x7fbb01a41180>, main=<bound method ListVerb.main of <colcon_package_information.verb.list.ListVerb object at 0x7fbb01a41180>>, mixin_verb=('list',))
[0.355s] Level 1:colcon.colcon_core.package_discovery:discover_packages(colcon_meta) check parameters
[0.355s] Level 1:colcon.colcon_core.package_discovery:discover_packages(recursive) check parameters
[0.355s] Level 1:colcon.colcon_core.package_discovery:discover_packages(ignore) check parameters
[0.355s] Level 1:colcon.colcon_core.package_discovery:discover_packages(path) check parameters
[0.355s] Level 1:colcon.colcon_core.package_discovery:discover_packages(recursive) discover
[0.355s] INFO:colcon.colcon_core.package_discovery:Crawling recursively for packages in '/home/dinethra/ros_bot'
[0.355s] Level 1:colcon.colcon_core.package_identification:_identify(/home/dinethra/ros_bot) by extensions ['ignore', 'ignore_ament_install']
[0.356s] Level 1:colcon.colcon_core.package_identification:_identify(/home/dinethra/ros_bot) by extension 'ignore'
[0.356s] Level 1:colcon.colcon_core.package_identification:_identify(/home/dinethra/ros_bot) by extension 'ignore_ament_install'
[0.356s] Level 1:colcon.colcon_core.package_identification:_identify(/home/dinethra/ros_bot) by extensions ['colcon_pkg']
[0.356s] Level 1:colcon.colcon_core.package_identification:_identify(/home/dinethra/ros_bot) by extension 'colcon_pkg'
[0.356s] Level 1:colcon.colcon_core.package_identification:_identify(/home/dinethra/ros_bot) by extensions ['colcon_meta']
[0.356s] Level 1:colcon.colcon_core.package_identification:_identify(/home/dinethra/ros_bot) by extension 'colcon_meta'
[0.356s] Level 1:colcon.colcon_core.package_identification:_identify(/home/dinethra/ros_bot) by extensions ['ros']
[0.356s] Level 1:colcon.colcon_core.package_identification:_identify(/home/dinethra/ros_bot) by extension 'ros'
[0.373s] Level 1:colcon.colcon_core.package_identification:_identify(/home/dinethra/ros_bot) by extensions ['cmake', 'python']
[0.373s] Level 1:colcon.colcon_core.package_identification:_identify(/home/dinethra/ros_bot) by extension 'cmake'
[0.373s] Level 1:colcon.colcon_core.package_identification:_identify(/home/dinethra/ros_bot) by extension 'python'
[0.373s] Level 1:colcon.colcon_core.package_identification:_identify(/home/dinethra/ros_bot) by extensions ['python_setup_py']
[0.373s] Level 1:colcon.colcon_core.package_identification:_identify(/home/dinethra/ros_bot) by extension 'python_setup_py'
[0.374s] Level 1:colcon.colcon_core.package_identification:_identify(/home/dinethra/ros_bot/build) by extensions ['ignore', 'ignore_ament_install']
[0.374s] Level 1:colcon.colcon_core.package_identification:_identify(/home/dinethra/ros_bot/build) by extension 'ignore'
[0.374s] Level 1:colcon.colcon_core.package_identification:_identify(/home/dinethra/ros_bot/build) ignored
[0.374s] Level 1:colcon.colcon_core.package_identification:_identify(/home/dinethra/ros_bot/install) by extensions ['ignore', 'ignore_ament_install']
[0.374s] Level 1:colcon.colcon_core.package_identification:_identify(/home/dinethra/ros_bot/install) by extension 'ignore'
[0.374s] Level 1:colcon.colcon_core.package_identification:_identify(/home/dinethra/ros_bot/install) ignored
[0.374s] Level 1:colcon.colcon_core.package_identification:_identify(/home/dinethra/ros_bot/log) by extensions ['ignore', 'ignore_ament_install']
[0.375s] Level 1:colcon.colcon_core.package_identification:_identify(/home/dinethra/ros_bot/log) by extension 'ignore'
[0.375s] Level 1:colcon.colcon_core.package_identification:_identify(/home/dinethra/ros_bot/log) ignored
[0.375s] Level 1:colcon.colcon_core.package_identification:_identify(/home/dinethra/ros_bot/src) by extensions ['ignore', 'ignore_ament_install']
[0.375s] Level 1:colcon.colcon_core.package_identification:_identify(/home/dinethra/ros_bot/src) by extension 'ignore'
[0.375s] Level 1:colcon.colcon_core.package_identification:_identify(/home/dinethra/ros_bot/src) by extension 'ignore_ament_install'
[0.375s] Level 1:colcon.colcon_core.package_identification:_identify(/home/dinethra/ros_bot/src) by extensions ['colcon_pkg']
[0.375s] Level 1:colcon.colcon_core.package_identification:_identify(/home/dinethra/ros_bot/src) by extension 'colcon_pkg'
[0.375s] Level 1:colcon.colcon_core.package_identification:_identify(/home/dinethra/ros_bot/src) by extensions ['colcon_meta']
[0.375s] Level 1:colcon.colcon_core.package_identification:_identify(/home/dinethra/ros_bot/src) by extension 'colcon_meta'
[0.375s] Level 1:colcon.colcon_core.package_identification:_identify(/home/dinethra/ros_bot/src) by extensions ['ros']
[0.375s] Level 1:colcon.colcon_core.package_identification:_identify(/home/dinethra/ros_bot/src) by extension 'ros'
[0.375s] Level 1:colcon.colcon_core.package_identification:_identify(/home/dinethra/ros_bot/src) by extensions ['cmake', 'python']
[0.375s] Level 1:colcon.colcon_core.package_identification:_identify(/home/dinethra/ros_bot/src) by extension 'cmake'
[0.375s] Level 1:colcon.colcon_core.package_identification:_identify(/home/dinethra/ros_bot/src) by extension 'python'
[0.376s] Level 1:colcon.colcon_core.package_identification:_identify(/home/dinethra/ros_bot/src) by extensions ['python_setup_py']
[0.376s] Level 1:colcon.colcon_core.package_identification:_identify(/home/dinethra/ros_bot/src) by extension 'python_setup_py'
[0.376s] Level 1:colcon.colcon_core.package_identification:_identify(/home/dinethra/ros_bot/src/path_planning_in_ros2) by extensions ['ignore', 'ignore_ament_install']
[0.376s] Level 1:colcon.colcon_core.package_identification:_identify(/home/dinethra/ros_bot/src/path_planning_in_ros2) by extension 'ignore'
[0.376s] Level 1:colcon.colcon_core.package_identification:_identify(/home/dinethra/ros_bot/src/path_planning_in_ros2) by extension 'ignore_ament_install'
[0.376s] Level 1:colcon.colcon_core.package_identification:_identify(/home/dinethra/ros_bot/src/path_planning_in_ros2) by extensions ['colcon_pkg']
[0.376s] Level 1:colcon.colcon_core.package_identification:_identify(/home/dinethra/ros_bot/src/path_planning_in_ros2) by extension 'colcon_pkg'
[0.376s] Level 1:colcon.colcon_core.package_identification:_identify(/home/dinethra/ros_bot/src/path_planning_in_ros2) by extensions ['colcon_meta']
[0.376s] Level 1:colcon.colcon_core.package_identification:_identify(/home/dinethra/ros_bot/src/path_planning_in_ros2) by extension 'colcon_meta'
[0.376s] Level 1:colcon.colcon_core.package_identification:_identify(/home/dinethra/ros_bot/src/path_planning_in_ros2) by extensions ['ros']
[0.376s] Level 1:colcon.colcon_core.package_identification:_identify(/home/dinethra/ros_bot/src/path_planning_in_ros2) by extension 'ros'
[0.379s] DEBUG:colcon.colcon_core.package_identification:Package '/home/dinethra/ros_bot/src/path_planning_in_ros2' with type 'ros.ament_cmake' and name 'path_planning_in_ros2'
[0.380s] Level 1:colcon.colcon_core.package_discovery:discover_packages(recursive) using defaults
