[0.713s] DEBUG:colcon:Command line arguments: ['/usr/bin/colcon', 'build', '--symlink-install']
[0.713s] DEBUG:colcon:Parsed command line arguments: Namespace(log_base=None, log_level=None, verb_name='build', build_base='build', install_base='install', merge_install=False, symlink_install=True, test_result_base=None, continue_on_error=False, executor='parallel', parallel_workers=12, event_handlers=None, ignore_user_meta=False, metas=['./colcon.meta'], base_paths=['.'], packages_ignore=None, packages_ignore_regex=None, paths=None, packages_up_to=None, packages_up_to_regex=None, packages_above=None, packages_above_and_dependencies=None, packages_above_depth=None, packages_select_by_dep=None, packages_skip_by_dep=None, packages_skip_up_to=None, packages_select_build_failed=False, packages_skip_build_finished=False, packages_select_test_failures=False, packages_skip_test_passed=False, packages_select=None, packages_skip=None, packages_select_regex=None, packages_skip_regex=None, packages_start=None, packages_end=None, allow_overriding=[], cmake_args=None, cmake_target=None, cmake_target_skip_unavailable=False, cmake_clean_cache=False, cmake_clean_first=False, cmake_force_configure=False, ament_cmake_args=None, catkin_cmake_args=None, catkin_skip_building_tests=False, mixin_files=None, mixin=None, verb_parser=<colcon_mixin.mixin.mixin_argument.MixinArgumentDecorator object at 0x7ce757146740>, verb_extension=<colcon_core.verb.build.BuildVerb object at 0x7ce757246d10>, main=<bound method BuildVerb.main of <colcon_core.verb.build.BuildVerb object at 0x7ce757246d10>>, mixin_verb=('build',))
[1.872s] Level 1:colcon.colcon_core.package_discovery:discover_packages(colcon_meta) check parameters
[1.873s] Level 1:colcon.colcon_core.package_discovery:discover_packages(recursive) check parameters
[1.874s] Level 1:colcon.colcon_core.package_discovery:discover_packages(ignore) check parameters
[1.874s] Level 1:colcon.colcon_core.package_discovery:discover_packages(path) check parameters
[1.874s] Level 1:colcon.colcon_core.package_discovery:discover_packages(colcon_meta) discover
[1.874s] Level 1:colcon.colcon_core.package_discovery:discover_packages(recursive) discover
[1.874s] INFO:colcon.colcon_core.package_discovery:Crawling recursively for packages in '/home/dinethra/ros_bot'
[1.874s] Level 1:colcon.colcon_core.package_identification:_identify(.) by extensions ['ignore', 'ignore_ament_install']
[1.875s] Level 1:colcon.colcon_core.package_identification:_identify(.) by extension 'ignore'
[1.875s] Level 1:colcon.colcon_core.package_identification:_identify(.) by extension 'ignore_ament_install'
[1.875s] Level 1:colcon.colcon_core.package_identification:_identify(.) by extensions ['colcon_pkg']
[1.876s] Level 1:colcon.colcon_core.package_identification:_identify(.) by extension 'colcon_pkg'
[1.876s] Level 1:colcon.colcon_core.package_identification:_identify(.) by extensions ['colcon_meta']
[1.876s] Level 1:colcon.colcon_core.package_identification:_identify(.) by extension 'colcon_meta'
[1.876s] Level 1:colcon.colcon_core.package_identification:_identify(.) by extensions ['ros']
[1.876s] Level 1:colcon.colcon_core.package_identification:_identify(.) by extension 'ros'
[1.941s] Level 1:colcon.colcon_core.package_identification:_identify(.) by extensions ['cmake', 'python']
[1.943s] Level 1:colcon.colcon_core.package_identification:_identify(.) by extension 'cmake'
[1.944s] Level 1:colcon.colcon_core.package_identification:_identify(.) by extension 'python'
[1.945s] Level 1:colcon.colcon_core.package_identification:_identify(.) by extensions ['python_setup_py']
[1.945s] Level 1:colcon.colcon_core.package_identification:_identify(.) by extension 'python_setup_py'
[1.946s] Level 1:colcon.colcon_core.package_identification:_identify(build) by extensions ['ignore', 'ignore_ament_install']
[1.947s] Level 1:colcon.colcon_core.package_identification:_identify(build) by extension 'ignore'
[1.948s] Level 1:colcon.colcon_core.package_identification:_identify(build) ignored
[1.951s] Level 1:colcon.colcon_core.package_identification:_identify(install) by extensions ['ignore', 'ignore_ament_install']
[1.953s] Level 1:colcon.colcon_core.package_identification:_identify(install) by extension 'ignore'
[1.953s] Level 1:colcon.colcon_core.package_identification:_identify(install) ignored
[1.954s] Level 1:colcon.colcon_core.package_identification:_identify(log) by extensions ['ignore', 'ignore_ament_install']
[1.954s] Level 1:colcon.colcon_core.package_identification:_identify(log) by extension 'ignore'
[1.954s] Level 1:colcon.colcon_core.package_identification:_identify(log) ignored
[1.955s] Level 1:colcon.colcon_core.package_identification:_identify(src) by extensions ['ignore', 'ignore_ament_install']
[1.956s] Level 1:colcon.colcon_core.package_identification:_identify(src) by extension 'ignore'
[1.956s] Level 1:colcon.colcon_core.package_identification:_identify(src) by extension 'ignore_ament_install'
[1.956s] Level 1:colcon.colcon_core.package_identification:_identify(src) by extensions ['colcon_pkg']
[1.956s] Level 1:colcon.colcon_core.package_identification:_identify(src) by extension 'colcon_pkg'
[1.956s] Level 1:colcon.colcon_core.package_identification:_identify(src) by extensions ['colcon_meta']
[1.956s] Level 1:colcon.colcon_core.package_identification:_identify(src) by extension 'colcon_meta'
[1.956s] Level 1:colcon.colcon_core.package_identification:_identify(src) by extensions ['ros']
[1.957s] Level 1:colcon.colcon_core.package_identification:_identify(src) by extension 'ros'
[1.957s] Level 1:colcon.colcon_core.package_identification:_identify(src) by extensions ['cmake', 'python']
[1.957s] Level 1:colcon.colcon_core.package_identification:_identify(src) by extension 'cmake'
[1.957s] Level 1:colcon.colcon_core.package_identification:_identify(src) by extension 'python'
[1.957s] Level 1:colcon.colcon_core.package_identification:_identify(src) by extensions ['python_setup_py']
[1.957s] Level 1:colcon.colcon_core.package_identification:_identify(src) by extension 'python_setup_py'
[1.957s] Level 1:colcon.colcon_core.package_identification:_identify(src/path_planning_in_ros2) by extensions ['ignore', 'ignore_ament_install']
[1.958s] Level 1:colcon.colcon_core.package_identification:_identify(src/path_planning_in_ros2) by extension 'ignore'
[1.958s] Level 1:colcon.colcon_core.package_identification:_identify(src/path_planning_in_ros2) by extension 'ignore_ament_install'
[1.958s] Level 1:colcon.colcon_core.package_identification:_identify(src/path_planning_in_ros2) by extensions ['colcon_pkg']
[1.958s] Level 1:colcon.colcon_core.package_identification:_identify(src/path_planning_in_ros2) by extension 'colcon_pkg'
[1.958s] Level 1:colcon.colcon_core.package_identification:_identify(src/path_planning_in_ros2) by extensions ['colcon_meta']
[1.958s] Level 1:colcon.colcon_core.package_identification:_identify(src/path_planning_in_ros2) by extension 'colcon_meta'
[1.958s] Level 1:colcon.colcon_core.package_identification:_identify(src/path_planning_in_ros2) by extensions ['ros']
[1.958s] Level 1:colcon.colcon_core.package_identification:_identify(src/path_planning_in_ros2) by extension 'ros'
[1.975s] DEBUG:colcon.colcon_core.package_identification:Package 'src/path_planning_in_ros2' with type 'ros.ament_cmake' and name 'path_planning_in_ros2'
[1.976s] Level 1:colcon.colcon_core.package_discovery:discover_packages(recursive) using defaults
[1.976s] Level 1:colcon.colcon_core.package_discovery:discover_packages(ignore) discover
[1.976s] Level 1:colcon.colcon_core.package_discovery:discover_packages(ignore) using defaults
[1.976s] Level 1:colcon.colcon_core.package_discovery:discover_packages(path) discover
[1.976s] Level 1:colcon.colcon_core.package_discovery:discover_packages(path) using defaults
[2.198s] Level 1:colcon.colcon_core.package_discovery:discover_packages(prefix_path) check parameters
[2.198s] Level 1:colcon.colcon_core.package_discovery:discover_packages(prefix_path) discover
[2.216s] DEBUG:colcon.colcon_installed_package_information.package_discovery:Found 1 installed packages in /home/dinethra/ros_bot/install
[2.220s] DEBUG:colcon.colcon_installed_package_information.package_discovery:Found 314 installed packages in /opt/ros/iron
[2.225s] Level 1:colcon.colcon_core.package_discovery:discover_packages(prefix_path) using defaults
[2.469s] Level 5:colcon.colcon_core.verb:set package 'path_planning_in_ros2' build argument 'cmake_args' from command line to 'None'
[2.469s] Level 5:colcon.colcon_core.verb:set package 'path_planning_in_ros2' build argument 'cmake_target' from command line to 'None'
[2.469s] Level 5:colcon.colcon_core.verb:set package 'path_planning_in_ros2' build argument 'cmake_target_skip_unavailable' from command line to 'False'
[2.469s] Level 5:colcon.colcon_core.verb:set package 'path_planning_in_ros2' build argument 'cmake_clean_cache' from command line to 'False'
[2.469s] Level 5:colcon.colcon_core.verb:set package 'path_planning_in_ros2' build argument 'cmake_clean_first' from command line to 'False'
[2.469s] Level 5:colcon.colcon_core.verb:set package 'path_planning_in_ros2' build argument 'cmake_force_configure' from command line to 'False'
[2.469s] Level 5:colcon.colcon_core.verb:set package 'path_planning_in_ros2' build argument 'ament_cmake_args' from command line to 'None'
[2.469s] Level 5:colcon.colcon_core.verb:set package 'path_planning_in_ros2' build argument 'catkin_cmake_args' from command line to 'None'
[2.469s] Level 5:colcon.colcon_core.verb:set package 'path_planning_in_ros2' build argument 'catkin_skip_building_tests' from command line to 'False'
[2.470s] DEBUG:colcon.colcon_core.verb:Building package 'path_planning_in_ros2' with the following arguments: {'ament_cmake_args': None, 'build_base': '/home/dinethra/ros_bot/build/path_planning_in_ros2', 'catkin_cmake_args': None, 'catkin_skip_building_tests': False, 'cmake_args': None, 'cmake_clean_cache': False, 'cmake_clean_first': False, 'cmake_force_configure': False, 'cmake_target': None, 'cmake_target_skip_unavailable': False, 'install_base': '/home/dinethra/ros_bot/install/path_planning_in_ros2', 'merge_install': False, 'path': '/home/dinethra/ros_bot/src/path_planning_in_ros2', 'symlink_install': True, 'test_result_base': None}
[2.471s] INFO:colcon.colcon_core.executor:Executing jobs using 'parallel' executor
[2.477s] DEBUG:colcon.colcon_parallel_executor.executor.parallel:run_until_complete
[2.483s] INFO:colcon.colcon_ros.task.ament_cmake.build:Building ROS package in '/home/dinethra/ros_bot/src/path_planning_in_ros2' with build type 'ament_cmake'
[2.486s] INFO:colcon.colcon_cmake.task.cmake.build:Building CMake package in '/home/dinethra/ros_bot/src/path_planning_in_ros2'
[2.493s] INFO:colcon.colcon_core.plugin_system:Skipping extension 'colcon_core.shell.bat': Not used on non-Windows systems
[2.497s] INFO:colcon.colcon_core.shell:Skip shell extension 'powershell' for command environment: Not usable outside of PowerShell
[2.499s] DEBUG:colcon.colcon_core.shell:Skip shell extension 'dsv' for command environment
[2.558s] DEBUG:colcon.colcon_core.event_handler.log_command:Invoking command in '/home/dinethra/ros_bot/build/path_planning_in_ros2': CMAKE_PREFIX_PATH=${CMAKE_PREFIX_PATH}:/opt/ros/iron /usr/bin/cmake --build /home/dinethra/ros_bot/build/path_planning_in_ros2 -- -j12 -l12
[2.786s] DEBUG:colcon.colcon_core.event_handler.log_command:Invoked command in '/home/dinethra/ros_bot/build/path_planning_in_ros2' returned '0': CMAKE_PREFIX_PATH=${CMAKE_PREFIX_PATH}:/opt/ros/iron /usr/bin/cmake --build /home/dinethra/ros_bot/build/path_planning_in_ros2 -- -j12 -l12
[2.912s] DEBUG:colcon.colcon_core.event_handler.log_command:Invoking command in '/home/dinethra/ros_bot/build/path_planning_in_ros2': CMAKE_PREFIX_PATH=${CMAKE_PREFIX_PATH}:/opt/ros/iron /usr/bin/cmake --install /home/dinethra/ros_bot/build/path_planning_in_ros2
[3.016s] Level 1:colcon.colcon_core.environment:create_environment_scripts_only(path_planning_in_ros2)
[3.018s] DEBUG:colcon.colcon_core.event_handler.log_command:Invoked command in '/home/dinethra/ros_bot/build/path_planning_in_ros2' returned '0': CMAKE_PREFIX_PATH=${CMAKE_PREFIX_PATH}:/opt/ros/iron /usr/bin/cmake --install /home/dinethra/ros_bot/build/path_planning_in_ros2
[3.024s] Level 1:colcon.colcon_core.environment:checking '/home/dinethra/ros_bot/install/path_planning_in_ros2' for CMake module files
[3.026s] Level 1:colcon.colcon_core.environment:checking '/home/dinethra/ros_bot/install/path_planning_in_ros2' for CMake config files
[3.028s] Level 1:colcon.colcon_core.shell:create_environment_hook('path_planning_in_ros2', 'cmake_prefix_path')
[3.030s] INFO:colcon.colcon_core.shell:Creating environment hook '/home/dinethra/ros_bot/install/path_planning_in_ros2/share/path_planning_in_ros2/hook/cmake_prefix_path.ps1'
[3.036s] INFO:colcon.colcon_core.shell:Creating environment descriptor '/home/dinethra/ros_bot/install/path_planning_in_ros2/share/path_planning_in_ros2/hook/cmake_prefix_path.dsv'
[3.037s] INFO:colcon.colcon_core.shell:Creating environment hook '/home/dinethra/ros_bot/install/path_planning_in_ros2/share/path_planning_in_ros2/hook/cmake_prefix_path.sh'
[3.040s] Level 1:colcon.colcon_core.environment:checking '/home/dinethra/ros_bot/install/path_planning_in_ros2/bin'
[3.040s] Level 1:colcon.colcon_core.environment:checking '/home/dinethra/ros_bot/install/path_planning_in_ros2/lib/pkgconfig/path_planning_in_ros2.pc'
[3.041s] Level 1:colcon.colcon_core.environment:checking '/home/dinethra/ros_bot/install/path_planning_in_ros2/lib/python3.10/site-packages'
[3.041s] Level 1:colcon.colcon_core.environment:checking '/home/dinethra/ros_bot/install/path_planning_in_ros2/bin'
[3.043s] INFO:colcon.colcon_core.shell:Creating package script '/home/dinethra/ros_bot/install/path_planning_in_ros2/share/path_planning_in_ros2/package.ps1'
[3.049s] INFO:colcon.colcon_core.shell:Creating package descriptor '/home/dinethra/ros_bot/install/path_planning_in_ros2/share/path_planning_in_ros2/package.dsv'
[3.055s] INFO:colcon.colcon_core.shell:Creating package script '/home/dinethra/ros_bot/install/path_planning_in_ros2/share/path_planning_in_ros2/package.sh'
[3.057s] INFO:colcon.colcon_core.shell:Creating package script '/home/dinethra/ros_bot/install/path_planning_in_ros2/share/path_planning_in_ros2/package.bash'
[3.059s] INFO:colcon.colcon_core.shell:Creating package script '/home/dinethra/ros_bot/install/path_planning_in_ros2/share/path_planning_in_ros2/package.zsh'
[3.060s] Level 1:colcon.colcon_core.environment:create_file_with_runtime_dependencies(/home/dinethra/ros_bot/install/path_planning_in_ros2/share/colcon-core/packages/path_planning_in_ros2)
[3.159s] Level 1:colcon.colcon_core.environment:create_environment_scripts_only(path_planning_in_ros2)
[3.160s] Level 1:colcon.colcon_core.environment:checking '/home/dinethra/ros_bot/install/path_planning_in_ros2' for CMake module files
[3.162s] Level 1:colcon.colcon_core.environment:checking '/home/dinethra/ros_bot/install/path_planning_in_ros2' for CMake config files
[3.163s] Level 1:colcon.colcon_core.shell:create_environment_hook('path_planning_in_ros2', 'cmake_prefix_path')
[3.163s] INFO:colcon.colcon_core.shell:Creating environment hook '/home/dinethra/ros_bot/install/path_planning_in_ros2/share/path_planning_in_ros2/hook/cmake_prefix_path.ps1'
[3.165s] INFO:colcon.colcon_core.shell:Creating environment descriptor '/home/dinethra/ros_bot/install/path_planning_in_ros2/share/path_planning_in_ros2/hook/cmake_prefix_path.dsv'
[3.168s] INFO:colcon.colcon_core.shell:Creating environment hook '/home/dinethra/ros_bot/install/path_planning_in_ros2/share/path_planning_in_ros2/hook/cmake_prefix_path.sh'
[3.176s] Level 1:colcon.colcon_core.environment:checking '/home/dinethra/ros_bot/install/path_planning_in_ros2/bin'
[3.176s] Level 1:colcon.colcon_core.environment:checking '/home/dinethra/ros_bot/install/path_planning_in_ros2/lib/pkgconfig/path_planning_in_ros2.pc'
[3.180s] Level 1:colcon.colcon_core.environment:checking '/home/dinethra/ros_bot/install/path_planning_in_ros2/lib/python3.10/site-packages'
[3.184s] Level 1:colcon.colcon_core.environment:checking '/home/dinethra/ros_bot/install/path_planning_in_ros2/bin'
[3.185s] INFO:colcon.colcon_core.shell:Creating package script '/home/dinethra/ros_bot/install/path_planning_in_ros2/share/path_planning_in_ros2/package.ps1'
[3.187s] INFO:colcon.colcon_core.shell:Creating package descriptor '/home/dinethra/ros_bot/install/path_planning_in_ros2/share/path_planning_in_ros2/package.dsv'
[3.188s] INFO:colcon.colcon_core.shell:Creating package script '/home/dinethra/ros_bot/install/path_planning_in_ros2/share/path_planning_in_ros2/package.sh'
[3.189s] INFO:colcon.colcon_core.shell:Creating package script '/home/dinethra/ros_bot/install/path_planning_in_ros2/share/path_planning_in_ros2/package.bash'
[3.191s] INFO:colcon.colcon_core.shell:Creating package script '/home/dinethra/ros_bot/install/path_planning_in_ros2/share/path_planning_in_ros2/package.zsh'
[3.192s] Level 1:colcon.colcon_core.environment:create_file_with_runtime_dependencies(/home/dinethra/ros_bot/install/path_planning_in_ros2/share/colcon-core/packages/path_planning_in_ros2)
[3.204s] DEBUG:colcon.colcon_parallel_executor.executor.parallel:closing loop
[3.207s] DEBUG:colcon.colcon_parallel_executor.executor.parallel:loop closed
[3.207s] DEBUG:colcon.colcon_parallel_executor.executor.parallel:run_until_complete finished with '0'
[3.207s] DEBUG:colcon.colcon_core.event_reactor:joining thread
[3.234s] INFO:colcon.colcon_core.plugin_system:Skipping extension 'colcon_notification.desktop_notification.terminal_notifier': Not used on non-Darwin systems
[3.234s] INFO:colcon.colcon_core.plugin_system:Skipping extension 'colcon_notification.desktop_notification.win32': Not used on non-Windows systems
[3.235s] INFO:colcon.colcon_notification.desktop_notification:Sending desktop notification using 'notify2'
[3.298s] DEBUG:colcon.colcon_core.event_reactor:joined thread
[3.301s] INFO:colcon.colcon_core.shell:Creating prefix script '/home/dinethra/ros_bot/install/local_setup.ps1'
[3.310s] INFO:colcon.colcon_core.shell:Creating prefix util module '/home/dinethra/ros_bot/install/_local_setup_util_ps1.py'
[3.314s] INFO:colcon.colcon_core.shell:Creating prefix chain script '/home/dinethra/ros_bot/install/setup.ps1'
[3.320s] INFO:colcon.colcon_core.shell:Creating prefix script '/home/dinethra/ros_bot/install/local_setup.sh'
[3.324s] INFO:colcon.colcon_core.shell:Creating prefix util module '/home/dinethra/ros_bot/install/_local_setup_util_sh.py'
[3.330s] INFO:colcon.colcon_core.shell:Creating prefix chain script '/home/dinethra/ros_bot/install/setup.sh'
[3.335s] INFO:colcon.colcon_core.shell:Creating prefix script '/home/dinethra/ros_bot/install/local_setup.bash'
[3.336s] INFO:colcon.colcon_core.shell:Creating prefix chain script '/home/dinethra/ros_bot/install/setup.bash'
[3.338s] INFO:colcon.colcon_core.shell:Creating prefix script '/home/dinethra/ros_bot/install/local_setup.zsh'
[3.343s] INFO:colcon.colcon_core.shell:Creating prefix chain script '/home/dinethra/ros_bot/install/setup.zsh'
