[0.032s] Invoking command in '/home/dinethra/ros_bot/build/path_planning_in_ros2': CMAKE_PREFIX_PATH=/opt/ros/iron /usr/bin/cmake --build /home/dinethra/ros_bot/build/path_planning_in_ros2 -- -j12 -l12
[0.214s] Invoked command in '/home/dinethra/ros_bot/build/path_planning_in_ros2' returned '0': CMAKE_PREFIX_PATH=/opt/ros/iron /usr/bin/cmake --build /home/dinethra/ros_bot/build/path_planning_in_ros2 -- -j12 -l12
[0.263s] Invoking command in '/home/dinethra/ros_bot/build/path_planning_in_ros2': CMAKE_PREFIX_PATH=/opt/ros/iron /usr/bin/cmake --install /home/dinethra/ros_bot/build/path_planning_in_ros2
[0.275s] -- Install configuration: ""
[0.275s] -- Execute custom install script
[0.277s] -- Up-to-date symlink: /home/dinethra/ros_bot/install/path_planning_in_ros2/share/path_planning_in_ros2/config/empty.yaml
[0.278s] -- Symlinking: /home/dinethra/ros_bot/install/path_planning_in_ros2/share/path_planning_in_ros2/config/view_bot.rviz
[0.291s] -- Up-to-date symlink: /home/dinethra/ros_bot/install/path_planning_in_ros2/share/path_planning_in_ros2/description/inertial_macros.xacro
[0.292s] -- Up-to-date symlink: /home/dinethra/ros_bot/install/path_planning_in_ros2/share/path_planning_in_ros2/description/robot.urdf.xacro
[0.292s] -- Up-to-date symlink: /home/dinethra/ros_bot/install/path_planning_in_ros2/share/path_planning_in_ros2/description/robot_core.xacro
[0.292s] -- Symlinking: /home/dinethra/ros_bot/install/path_planning_in_ros2/share/path_planning_in_ros2/launch/launch_sim.launch.py
[0.306s] -- Up-to-date symlink: /home/dinethra/ros_bot/install/path_planning_in_ros2/share/path_planning_in_ros2/launch/rsp.launch.py
[0.306s] -- Up-to-date symlink: /home/dinethra/ros_bot/install/path_planning_in_ros2/share/path_planning_in_ros2/worlds/empty.world
[0.307s] -- Up-to-date symlink: /home/dinethra/ros_bot/install/path_planning_in_ros2/share/ament_index/resource_index/package_run_dependencies/path_planning_in_ros2
[0.307s] -- Up-to-date symlink: /home/dinethra/ros_bot/install/path_planning_in_ros2/share/ament_index/resource_index/parent_prefix_path/path_planning_in_ros2
[0.308s] -- Up-to-date symlink: /home/dinethra/ros_bot/install/path_planning_in_ros2/share/path_planning_in_ros2/environment/ament_prefix_path.sh
[0.308s] -- Up-to-date symlink: /home/dinethra/ros_bot/install/path_planning_in_ros2/share/path_planning_in_ros2/environment/ament_prefix_path.dsv
[0.308s] -- Up-to-date symlink: /home/dinethra/ros_bot/install/path_planning_in_ros2/share/path_planning_in_ros2/environment/path.sh
[0.308s] -- Up-to-date symlink: /home/dinethra/ros_bot/install/path_planning_in_ros2/share/path_planning_in_ros2/environment/path.dsv
[0.309s] -- Up-to-date symlink: /home/dinethra/ros_bot/install/path_planning_in_ros2/share/path_planning_in_ros2/local_setup.bash
[0.312s] -- Up-to-date symlink: /home/dinethra/ros_bot/install/path_planning_in_ros2/share/path_planning_in_ros2/local_setup.sh
[0.313s] -- Up-to-date symlink: /home/dinethra/ros_bot/install/path_planning_in_ros2/share/path_planning_in_ros2/local_setup.zsh
[0.314s] -- Up-to-date symlink: /home/dinethra/ros_bot/install/path_planning_in_ros2/share/path_planning_in_ros2/local_setup.dsv
[0.314s] -- Symlinking: /home/dinethra/ros_bot/install/path_planning_in_ros2/share/path_planning_in_ros2/package.dsv
[0.328s] -- Up-to-date symlink: /home/dinethra/ros_bot/install/path_planning_in_ros2/share/ament_index/resource_index/packages/path_planning_in_ros2
[0.331s] -- Up-to-date symlink: /home/dinethra/ros_bot/install/path_planning_in_ros2/share/path_planning_in_ros2/cmake/path_planning_in_ros2Config.cmake
[0.333s] -- Up-to-date symlink: /home/dinethra/ros_bot/install/path_planning_in_ros2/share/path_planning_in_ros2/cmake/path_planning_in_ros2Config-version.cmake
[0.334s] -- Up-to-date symlink: /home/dinethra/ros_bot/install/path_planning_in_ros2/share/path_planning_in_ros2/package.xml
[0.337s] Invoked command in '/home/dinethra/ros_bot/build/path_planning_in_ros2' returned '0': CMAKE_PREFIX_PATH=/opt/ros/iron /usr/bin/cmake --install /home/dinethra/ros_bot/build/path_planning_in_ros2
