[0.200s] DEBUG:colcon:Command line arguments: ['/usr/bin/colcon', 'build']
[0.201s] DEBUG:colcon:Parsed command line arguments: Namespace(log_base=None, log_level=None, verb_name='build', build_base='build', install_base='install', merge_install=False, symlink_install=False, test_result_base=None, continue_on_error=False, executor='parallel', parallel_workers=12, event_handlers=None, ignore_user_meta=False, metas=['./colcon.meta'], base_paths=['.'], packages_ignore=None, packages_ignore_regex=None, paths=None, packages_up_to=None, packages_up_to_regex=None, packages_above=None, packages_above_and_dependencies=None, packages_above_depth=None, packages_select_by_dep=None, packages_skip_by_dep=None, packages_skip_up_to=None, packages_select_build_failed=False, packages_skip_build_finished=False, packages_select_test_failures=False, packages_skip_test_passed=False, packages_select=None, packages_skip=None, packages_select_regex=None, packages_skip_regex=None, packages_start=None, packages_end=None, allow_overriding=[], cmake_args=None, cmake_target=None, cmake_target_skip_unavailable=False, cmake_clean_cache=False, cmake_clean_first=False, cmake_force_configure=False, ament_cmake_args=None, catkin_cmake_args=None, catkin_skip_building_tests=False, mixin_files=None, mixin=None, verb_parser=<colcon_mixin.mixin.mixin_argument.MixinArgumentDecorator object at 0x761f6f342620>, verb_extension=<colcon_core.verb.build.BuildVerb object at 0x761f6f44abf0>, main=<bound method BuildVerb.main of <colcon_core.verb.build.BuildVerb object at 0x761f6f44abf0>>, mixin_verb=('build',))
[0.472s] Level 1:colcon.colcon_core.package_discovery:discover_packages(colcon_meta) check parameters
[0.472s] Level 1:colcon.colcon_core.package_discovery:discover_packages(recursive) check parameters
[0.472s] Level 1:colcon.colcon_core.package_discovery:discover_packages(ignore) check parameters
[0.472s] Level 1:colcon.colcon_core.package_discovery:discover_packages(path) check parameters
[0.472s] Level 1:colcon.colcon_core.package_discovery:discover_packages(colcon_meta) discover
[0.472s] Level 1:colcon.colcon_core.package_discovery:discover_packages(recursive) discover
[0.472s] INFO:colcon.colcon_core.package_discovery:Crawling recursively for packages in '/home/dinethra/ros_bot'
[0.472s] Level 1:colcon.colcon_core.package_identification:_identify(.) by extensions ['ignore', 'ignore_ament_install']
[0.472s] Level 1:colcon.colcon_core.package_identification:_identify(.) by extension 'ignore'
[0.472s] Level 1:colcon.colcon_core.package_identification:_identify(.) by extension 'ignore_ament_install'
[0.472s] Level 1:colcon.colcon_core.package_identification:_identify(.) by extensions ['colcon_pkg']
[0.472s] Level 1:colcon.colcon_core.package_identification:_identify(.) by extension 'colcon_pkg'
[0.472s] Level 1:colcon.colcon_core.package_identification:_identify(.) by extensions ['colcon_meta']
[0.472s] Level 1:colcon.colcon_core.package_identification:_identify(.) by extension 'colcon_meta'
[0.472s] Level 1:colcon.colcon_core.package_identification:_identify(.) by extensions ['ros']
[0.472s] Level 1:colcon.colcon_core.package_identification:_identify(.) by extension 'ros'
[0.484s] Level 1:colcon.colcon_core.package_identification:_identify(.) by extensions ['cmake', 'python']
[0.484s] Level 1:colcon.colcon_core.package_identification:_identify(.) by extension 'cmake'
[0.484s] Level 1:colcon.colcon_core.package_identification:_identify(.) by extension 'python'
[0.484s] Level 1:colcon.colcon_core.package_identification:_identify(.) by extensions ['python_setup_py']
[0.484s] Level 1:colcon.colcon_core.package_identification:_identify(.) by extension 'python_setup_py'
[0.485s] Level 1:colcon.colcon_core.package_identification:_identify(build) by extensions ['ignore', 'ignore_ament_install']
[0.485s] Level 1:colcon.colcon_core.package_identification:_identify(build) by extension 'ignore'
[0.485s] Level 1:colcon.colcon_core.package_identification:_identify(build) ignored
[0.485s] Level 1:colcon.colcon_core.package_identification:_identify(install) by extensions ['ignore', 'ignore_ament_install']
[0.485s] Level 1:colcon.colcon_core.package_identification:_identify(install) by extension 'ignore'
[0.485s] Level 1:colcon.colcon_core.package_identification:_identify(install) ignored
[0.485s] Level 1:colcon.colcon_core.package_identification:_identify(log) by extensions ['ignore', 'ignore_ament_install']
[0.485s] Level 1:colcon.colcon_core.package_identification:_identify(log) by extension 'ignore'
[0.485s] Level 1:colcon.colcon_core.package_identification:_identify(log) ignored
[0.485s] Level 1:colcon.colcon_core.package_identification:_identify(src) by extensions ['ignore', 'ignore_ament_install']
[0.485s] Level 1:colcon.colcon_core.package_identification:_identify(src) by extension 'ignore'
[0.485s] Level 1:colcon.colcon_core.package_identification:_identify(src) by extension 'ignore_ament_install'
[0.485s] Level 1:colcon.colcon_core.package_identification:_identify(src) by extensions ['colcon_pkg']
[0.486s] Level 1:colcon.colcon_core.package_identification:_identify(src) by extension 'colcon_pkg'
[0.486s] Level 1:colcon.colcon_core.package_identification:_identify(src) by extensions ['colcon_meta']
[0.486s] Level 1:colcon.colcon_core.package_identification:_identify(src) by extension 'colcon_meta'
[0.486s] Level 1:colcon.colcon_core.package_identification:_identify(src) by extensions ['ros']
[0.486s] Level 1:colcon.colcon_core.package_identification:_identify(src) by extension 'ros'
[0.486s] Level 1:colcon.colcon_core.package_identification:_identify(src) by extensions ['cmake', 'python']
[0.486s] Level 1:colcon.colcon_core.package_identification:_identify(src) by extension 'cmake'
[0.486s] Level 1:colcon.colcon_core.package_identification:_identify(src) by extension 'python'
[0.486s] Level 1:colcon.colcon_core.package_identification:_identify(src) by extensions ['python_setup_py']
[0.486s] Level 1:colcon.colcon_core.package_identification:_identify(src) by extension 'python_setup_py'
[0.486s] Level 1:colcon.colcon_core.package_identification:_identify(src/path_planning_in_ros2) by extensions ['ignore', 'ignore_ament_install']
[0.486s] Level 1:colcon.colcon_core.package_identification:_identify(src/path_planning_in_ros2) by extension 'ignore'
[0.486s] Level 1:colcon.colcon_core.package_identification:_identify(src/path_planning_in_ros2) by extension 'ignore_ament_install'
[0.486s] Level 1:colcon.colcon_core.package_identification:_identify(src/path_planning_in_ros2) by extensions ['colcon_pkg']
[0.486s] Level 1:colcon.colcon_core.package_identification:_identify(src/path_planning_in_ros2) by extension 'colcon_pkg'
[0.486s] Level 1:colcon.colcon_core.package_identification:_identify(src/path_planning_in_ros2) by extensions ['colcon_meta']
[0.486s] Level 1:colcon.colcon_core.package_identification:_identify(src/path_planning_in_ros2) by extension 'colcon_meta'
[0.486s] Level 1:colcon.colcon_core.package_identification:_identify(src/path_planning_in_ros2) by extensions ['ros']
[0.486s] Level 1:colcon.colcon_core.package_identification:_identify(src/path_planning_in_ros2) by extension 'ros'
[0.489s] DEBUG:colcon.colcon_core.package_identification:Package 'src/path_planning_in_ros2' with type 'ros.ament_cmake' and name 'path_planning_in_ros2'
[0.489s] Level 1:colcon.colcon_core.package_discovery:discover_packages(recursive) using defaults
[0.489s] Level 1:colcon.colcon_core.package_discovery:discover_packages(ignore) discover
[0.489s] Level 1:colcon.colcon_core.package_discovery:discover_packages(ignore) using defaults
[0.489s] Level 1:colcon.colcon_core.package_discovery:discover_packages(path) discover
[0.489s] Level 1:colcon.colcon_core.package_discovery:discover_packages(path) using defaults
[0.507s] Level 1:colcon.colcon_core.package_discovery:discover_packages(prefix_path) check parameters
[0.507s] Level 1:colcon.colcon_core.package_discovery:discover_packages(prefix_path) discover
[0.516s] DEBUG:colcon.colcon_installed_package_information.package_discovery:Found 1 installed packages in /home/dinethra/ros_bot/install
[0.517s] DEBUG:colcon.colcon_installed_package_information.package_discovery:Found 291 installed packages in /opt/ros/iron
[0.518s] Level 1:colcon.colcon_core.package_discovery:discover_packages(prefix_path) using defaults
[0.552s] Level 5:colcon.colcon_core.verb:set package 'path_planning_in_ros2' build argument 'cmake_args' from command line to 'None'
[0.552s] Level 5:colcon.colcon_core.verb:set package 'path_planning_in_ros2' build argument 'cmake_target' from command line to 'None'
[0.552s] Level 5:colcon.colcon_core.verb:set package 'path_planning_in_ros2' build argument 'cmake_target_skip_unavailable' from command line to 'False'
[0.552s] Level 5:colcon.colcon_core.verb:set package 'path_planning_in_ros2' build argument 'cmake_clean_cache' from command line to 'False'
[0.552s] Level 5:colcon.colcon_core.verb:set package 'path_planning_in_ros2' build argument 'cmake_clean_first' from command line to 'False'
[0.552s] Level 5:colcon.colcon_core.verb:set package 'path_planning_in_ros2' build argument 'cmake_force_configure' from command line to 'False'
[0.552s] Level 5:colcon.colcon_core.verb:set package 'path_planning_in_ros2' build argument 'ament_cmake_args' from command line to 'None'
[0.552s] Level 5:colcon.colcon_core.verb:set package 'path_planning_in_ros2' build argument 'catkin_cmake_args' from command line to 'None'
[0.552s] Level 5:colcon.colcon_core.verb:set package 'path_planning_in_ros2' build argument 'catkin_skip_building_tests' from command line to 'False'
[0.552s] DEBUG:colcon.colcon_core.verb:Building package 'path_planning_in_ros2' with the following arguments: {'ament_cmake_args': None, 'build_base': '/home/dinethra/ros_bot/build/path_planning_in_ros2', 'catkin_cmake_args': None, 'catkin_skip_building_tests': False, 'cmake_args': None, 'cmake_clean_cache': False, 'cmake_clean_first': False, 'cmake_force_configure': False, 'cmake_target': None, 'cmake_target_skip_unavailable': False, 'install_base': '/home/dinethra/ros_bot/install/path_planning_in_ros2', 'merge_install': False, 'path': '/home/dinethra/ros_bot/src/path_planning_in_ros2', 'symlink_install': False, 'test_result_base': None}
[0.553s] INFO:colcon.colcon_core.executor:Executing jobs using 'parallel' executor
[0.553s] DEBUG:colcon.colcon_parallel_executor.executor.parallel:run_until_complete
[0.554s] INFO:colcon.colcon_ros.task.ament_cmake.build:Building ROS package in '/home/dinethra/ros_bot/src/path_planning_in_ros2' with build type 'ament_cmake'
[0.554s] INFO:colcon.colcon_cmake.task.cmake.build:Building CMake package in '/home/dinethra/ros_bot/src/path_planning_in_ros2'
[0.557s] INFO:colcon.colcon_core.plugin_system:Skipping extension 'colcon_core.shell.bat': Not used on non-Windows systems
[0.557s] INFO:colcon.colcon_core.shell:Skip shell extension 'powershell' for command environment: Not usable outside of PowerShell
[0.557s] DEBUG:colcon.colcon_core.shell:Skip shell extension 'dsv' for command environment
[0.564s] DEBUG:colcon.colcon_core.event_handler.log_command:Invoking command in '/home/dinethra/ros_bot/build/path_planning_in_ros2': CMAKE_PREFIX_PATH=${CMAKE_PREFIX_PATH}:/opt/ros/iron /usr/bin/cmake /home/dinethra/ros_bot/src/path_planning_in_ros2 -DCMAKE_INSTALL_PREFIX=/home/dinethra/ros_bot/install/path_planning_in_ros2
[0.789s] DEBUG:colcon.colcon_core.event_handler.log_command:Invoked command in '/home/dinethra/ros_bot/build/path_planning_in_ros2' returned '0': CMAKE_PREFIX_PATH=${CMAKE_PREFIX_PATH}:/opt/ros/iron /usr/bin/cmake /home/dinethra/ros_bot/src/path_planning_in_ros2 -DCMAKE_INSTALL_PREFIX=/home/dinethra/ros_bot/install/path_planning_in_ros2
[0.790s] DEBUG:colcon.colcon_core.event_handler.log_command:Invoking command in '/home/dinethra/ros_bot/build/path_planning_in_ros2': CMAKE_PREFIX_PATH=${CMAKE_PREFIX_PATH}:/opt/ros/iron /usr/bin/cmake --build /home/dinethra/ros_bot/build/path_planning_in_ros2 -- -j12 -l12
[0.820s] DEBUG:colcon.colcon_core.event_handler.log_command:Invoked command in '/home/dinethra/ros_bot/build/path_planning_in_ros2' returned '0': CMAKE_PREFIX_PATH=${CMAKE_PREFIX_PATH}:/opt/ros/iron /usr/bin/cmake --build /home/dinethra/ros_bot/build/path_planning_in_ros2 -- -j12 -l12
[0.840s] DEBUG:colcon.colcon_core.event_handler.log_command:Invoking command in '/home/dinethra/ros_bot/build/path_planning_in_ros2': CMAKE_PREFIX_PATH=${CMAKE_PREFIX_PATH}:/opt/ros/iron /usr/bin/cmake --install /home/dinethra/ros_bot/build/path_planning_in_ros2
[0.859s] Level 1:colcon.colcon_core.environment:create_environment_scripts_only(path_planning_in_ros2)
[0.859s] DEBUG:colcon.colcon_core.event_handler.log_command:Invoked command in '/home/dinethra/ros_bot/build/path_planning_in_ros2' returned '0': CMAKE_PREFIX_PATH=${CMAKE_PREFIX_PATH}:/opt/ros/iron /usr/bin/cmake --install /home/dinethra/ros_bot/build/path_planning_in_ros2
[0.864s] Level 1:colcon.colcon_core.environment:checking '/home/dinethra/ros_bot/install/path_planning_in_ros2' for CMake module files
[0.865s] Level 1:colcon.colcon_core.environment:checking '/home/dinethra/ros_bot/install/path_planning_in_ros2' for CMake config files
[0.866s] Level 1:colcon.colcon_core.shell:create_environment_hook('path_planning_in_ros2', 'cmake_prefix_path')
[0.866s] INFO:colcon.colcon_core.shell:Creating environment hook '/home/dinethra/ros_bot/install/path_planning_in_ros2/share/path_planning_in_ros2/hook/cmake_prefix_path.ps1'
[0.867s] INFO:colcon.colcon_core.shell:Creating environment descriptor '/home/dinethra/ros_bot/install/path_planning_in_ros2/share/path_planning_in_ros2/hook/cmake_prefix_path.dsv'
[0.868s] INFO:colcon.colcon_core.shell:Creating environment hook '/home/dinethra/ros_bot/install/path_planning_in_ros2/share/path_planning_in_ros2/hook/cmake_prefix_path.sh'
[0.869s] Level 1:colcon.colcon_core.environment:checking '/home/dinethra/ros_bot/install/path_planning_in_ros2/bin'
[0.869s] Level 1:colcon.colcon_core.environment:checking '/home/dinethra/ros_bot/install/path_planning_in_ros2/lib/pkgconfig/path_planning_in_ros2.pc'
[0.869s] Level 1:colcon.colcon_core.environment:checking '/home/dinethra/ros_bot/install/path_planning_in_ros2/lib/python3.10/site-packages'
[0.869s] Level 1:colcon.colcon_core.environment:checking '/home/dinethra/ros_bot/install/path_planning_in_ros2/bin'
[0.870s] INFO:colcon.colcon_core.shell:Creating package script '/home/dinethra/ros_bot/install/path_planning_in_ros2/share/path_planning_in_ros2/package.ps1'
[0.871s] INFO:colcon.colcon_core.shell:Creating package descriptor '/home/dinethra/ros_bot/install/path_planning_in_ros2/share/path_planning_in_ros2/package.dsv'
[0.872s] INFO:colcon.colcon_core.shell:Creating package script '/home/dinethra/ros_bot/install/path_planning_in_ros2/share/path_planning_in_ros2/package.sh'
[0.872s] INFO:colcon.colcon_core.shell:Creating package script '/home/dinethra/ros_bot/install/path_planning_in_ros2/share/path_planning_in_ros2/package.bash'
[0.874s] INFO:colcon.colcon_core.shell:Creating package script '/home/dinethra/ros_bot/install/path_planning_in_ros2/share/path_planning_in_ros2/package.zsh'
[0.875s] Level 1:colcon.colcon_core.environment:create_file_with_runtime_dependencies(/home/dinethra/ros_bot/install/path_planning_in_ros2/share/colcon-core/packages/path_planning_in_ros2)
[0.889s] Level 1:colcon.colcon_core.environment:create_environment_scripts_only(path_planning_in_ros2)
[0.890s] Level 1:colcon.colcon_core.environment:checking '/home/dinethra/ros_bot/install/path_planning_in_ros2' for CMake module files
[0.890s] Level 1:colcon.colcon_core.environment:checking '/home/dinethra/ros_bot/install/path_planning_in_ros2' for CMake config files
[0.890s] Level 1:colcon.colcon_core.shell:create_environment_hook('path_planning_in_ros2', 'cmake_prefix_path')
[0.891s] INFO:colcon.colcon_core.shell:Creating environment hook '/home/dinethra/ros_bot/install/path_planning_in_ros2/share/path_planning_in_ros2/hook/cmake_prefix_path.ps1'
[0.891s] INFO:colcon.colcon_core.shell:Creating environment descriptor '/home/dinethra/ros_bot/install/path_planning_in_ros2/share/path_planning_in_ros2/hook/cmake_prefix_path.dsv'
[0.891s] INFO:colcon.colcon_core.shell:Creating environment hook '/home/dinethra/ros_bot/install/path_planning_in_ros2/share/path_planning_in_ros2/hook/cmake_prefix_path.sh'
[0.892s] Level 1:colcon.colcon_core.environment:checking '/home/dinethra/ros_bot/install/path_planning_in_ros2/bin'
[0.892s] Level 1:colcon.colcon_core.environment:checking '/home/dinethra/ros_bot/install/path_planning_in_ros2/lib/pkgconfig/path_planning_in_ros2.pc'
[0.892s] Level 1:colcon.colcon_core.environment:checking '/home/dinethra/ros_bot/install/path_planning_in_ros2/lib/python3.10/site-packages'
[0.892s] Level 1:colcon.colcon_core.environment:checking '/home/dinethra/ros_bot/install/path_planning_in_ros2/bin'
[0.893s] INFO:colcon.colcon_core.shell:Creating package script '/home/dinethra/ros_bot/install/path_planning_in_ros2/share/path_planning_in_ros2/package.ps1'
[0.893s] INFO:colcon.colcon_core.shell:Creating package descriptor '/home/dinethra/ros_bot/install/path_planning_in_ros2/share/path_planning_in_ros2/package.dsv'
[0.893s] INFO:colcon.colcon_core.shell:Creating package script '/home/dinethra/ros_bot/install/path_planning_in_ros2/share/path_planning_in_ros2/package.sh'
[0.894s] INFO:colcon.colcon_core.shell:Creating package script '/home/dinethra/ros_bot/install/path_planning_in_ros2/share/path_planning_in_ros2/package.bash'
[0.894s] INFO:colcon.colcon_core.shell:Creating package script '/home/dinethra/ros_bot/install/path_planning_in_ros2/share/path_planning_in_ros2/package.zsh'
[0.895s] Level 1:colcon.colcon_core.environment:create_file_with_runtime_dependencies(/home/dinethra/ros_bot/install/path_planning_in_ros2/share/colcon-core/packages/path_planning_in_ros2)
[0.895s] DEBUG:colcon.colcon_parallel_executor.executor.parallel:closing loop
[0.895s] DEBUG:colcon.colcon_parallel_executor.executor.parallel:loop closed
[0.895s] DEBUG:colcon.colcon_parallel_executor.executor.parallel:run_until_complete finished with '0'
[0.895s] DEBUG:colcon.colcon_core.event_reactor:joining thread
[0.901s] INFO:colcon.colcon_core.plugin_system:Skipping extension 'colcon_notification.desktop_notification.terminal_notifier': Not used on non-Darwin systems
[0.902s] INFO:colcon.colcon_core.plugin_system:Skipping extension 'colcon_notification.desktop_notification.win32': Not used on non-Windows systems
[0.902s] INFO:colcon.colcon_notification.desktop_notification:Sending desktop notification using 'notify2'
[0.909s] DEBUG:colcon.colcon_core.event_reactor:joined thread
[0.909s] INFO:colcon.colcon_core.shell:Creating prefix script '/home/dinethra/ros_bot/install/local_setup.ps1'
[0.910s] INFO:colcon.colcon_core.shell:Creating prefix util module '/home/dinethra/ros_bot/install/_local_setup_util_ps1.py'
[0.913s] INFO:colcon.colcon_core.shell:Creating prefix chain script '/home/dinethra/ros_bot/install/setup.ps1'
[0.914s] INFO:colcon.colcon_core.shell:Creating prefix script '/home/dinethra/ros_bot/install/local_setup.sh'
[0.915s] INFO:colcon.colcon_core.shell:Creating prefix util module '/home/dinethra/ros_bot/install/_local_setup_util_sh.py'
[0.916s] INFO:colcon.colcon_core.shell:Creating prefix chain script '/home/dinethra/ros_bot/install/setup.sh'
[0.917s] INFO:colcon.colcon_core.shell:Creating prefix script '/home/dinethra/ros_bot/install/local_setup.bash'
[0.918s] INFO:colcon.colcon_core.shell:Creating prefix chain script '/home/dinethra/ros_bot/install/setup.bash'
[0.919s] INFO:colcon.colcon_core.shell:Creating prefix script '/home/dinethra/ros_bot/install/local_setup.zsh'
[0.920s] INFO:colcon.colcon_core.shell:Creating prefix chain script '/home/dinethra/ros_bot/install/setup.zsh'
