[0.009s] Invoking command in '/home/dinethra/ros_bot/build/path_planning_in_ros2': CMAKE_PREFIX_PATH=/opt/ros/iron /usr/bin/cmake /home/dinethra/ros_bot/src/path_planning_in_ros2 -DAMENT_CMAKE_SYMLINK_INSTALL=1 -DCMAKE_INSTALL_PREFIX=/home/dinethra/ros_bot/install/path_planning_in_ros2
[0.022s] -- Found ament_cmake: 2.0.6 (/opt/ros/iron/share/ament_cmake/cmake)
[0.320s] -- Override CMake install command with custom implementation using symlinks instead of copying resources
[0.367s] -- Found ament_lint_auto: 0.14.4 (/opt/ros/iron/share/ament_lint_auto/cmake)
[0.655s] -- Added test 'copyright' to check source files copyright and LICENSE
[0.679s] -- Added test 'flake8' to check Python code syntax and style conventions
[0.679s] -- Configured 'flake8' exclude dirs and/or files: 
[0.684s] -- Added test 'lint_cmake' to check CMake code style
[0.688s] -- Added test 'pep257' to check Python code against some of the docstring style conventions in PEP 257
[0.701s] -- Added test 'xmllint' to check XML markup files
[0.707s] -- Configuring done
[0.727s] -- Generating done
[0.733s] -- Build files have been written to: /home/dinethra/ros_bot/build/path_planning_in_ros2
[0.745s] Invoked command in '/home/dinethra/ros_bot/build/path_planning_in_ros2' returned '0': CMAKE_PREFIX_PATH=/opt/ros/iron /usr/bin/cmake /home/dinethra/ros_bot/src/path_planning_in_ros2 -DAMENT_CMAKE_SYMLINK_INSTALL=1 -DCMAKE_INSTALL_PREFIX=/home/dinethra/ros_bot/install/path_planning_in_ros2
[0.751s] Invoking command in '/home/dinethra/ros_bot/build/path_planning_in_ros2': CMAKE_PREFIX_PATH=/opt/ros/iron /usr/bin/cmake --build /home/dinethra/ros_bot/build/path_planning_in_ros2 -- -j12 -l12
[0.875s] Invoked command in '/home/dinethra/ros_bot/build/path_planning_in_ros2' returned '0': CMAKE_PREFIX_PATH=/opt/ros/iron /usr/bin/cmake --build /home/dinethra/ros_bot/build/path_planning_in_ros2 -- -j12 -l12
[0.975s] Invoking command in '/home/dinethra/ros_bot/build/path_planning_in_ros2': CMAKE_PREFIX_PATH=/opt/ros/iron /usr/bin/cmake --install /home/dinethra/ros_bot/build/path_planning_in_ros2
[0.998s] -- Install configuration: ""
[0.999s] -- Execute custom install script
[1.001s] -- Up-to-date symlink: /home/dinethra/ros_bot/install/path_planning_in_ros2/share/path_planning_in_ros2/config/empty.yaml
[1.002s] -- Symlinking: /home/dinethra/ros_bot/install/path_planning_in_ros2/share/path_planning_in_ros2/description/inertial_macros.xacro
[1.038s] -- Up-to-date symlink: /home/dinethra/ros_bot/install/path_planning_in_ros2/share/path_planning_in_ros2/description/robot.urdf.xacro
[1.038s] -- Symlinking: /home/dinethra/ros_bot/install/path_planning_in_ros2/share/path_planning_in_ros2/description/robot_core.xacro
[1.067s] -- Up-to-date symlink: /home/dinethra/ros_bot/install/path_planning_in_ros2/share/path_planning_in_ros2/launch/rsp.launch.py
[1.068s] -- Up-to-date symlink: /home/dinethra/ros_bot/install/path_planning_in_ros2/share/path_planning_in_ros2/worlds/empty.world
[1.069s] -- Up-to-date symlink: /home/dinethra/ros_bot/install/path_planning_in_ros2/share/ament_index/resource_index/package_run_dependencies/path_planning_in_ros2
[1.069s] -- Up-to-date symlink: /home/dinethra/ros_bot/install/path_planning_in_ros2/share/ament_index/resource_index/parent_prefix_path/path_planning_in_ros2
[1.070s] -- Up-to-date symlink: /home/dinethra/ros_bot/install/path_planning_in_ros2/share/path_planning_in_ros2/environment/ament_prefix_path.sh
[1.071s] -- Up-to-date symlink: /home/dinethra/ros_bot/install/path_planning_in_ros2/share/path_planning_in_ros2/environment/ament_prefix_path.dsv
[1.071s] -- Up-to-date symlink: /home/dinethra/ros_bot/install/path_planning_in_ros2/share/path_planning_in_ros2/environment/path.sh
[1.072s] -- Up-to-date symlink: /home/dinethra/ros_bot/install/path_planning_in_ros2/share/path_planning_in_ros2/environment/path.dsv
[1.073s] -- Up-to-date symlink: /home/dinethra/ros_bot/install/path_planning_in_ros2/share/path_planning_in_ros2/local_setup.bash
[1.073s] -- Up-to-date symlink: /home/dinethra/ros_bot/install/path_planning_in_ros2/share/path_planning_in_ros2/local_setup.sh
[1.073s] -- Up-to-date symlink: /home/dinethra/ros_bot/install/path_planning_in_ros2/share/path_planning_in_ros2/local_setup.zsh
[1.074s] -- Up-to-date symlink: /home/dinethra/ros_bot/install/path_planning_in_ros2/share/path_planning_in_ros2/local_setup.dsv
[1.074s] -- Symlinking: /home/dinethra/ros_bot/install/path_planning_in_ros2/share/path_planning_in_ros2/package.dsv
[1.103s] -- Up-to-date symlink: /home/dinethra/ros_bot/install/path_planning_in_ros2/share/ament_index/resource_index/packages/path_planning_in_ros2
[1.104s] -- Up-to-date symlink: /home/dinethra/ros_bot/install/path_planning_in_ros2/share/path_planning_in_ros2/cmake/path_planning_in_ros2Config.cmake
[1.104s] -- Up-to-date symlink: /home/dinethra/ros_bot/install/path_planning_in_ros2/share/path_planning_in_ros2/cmake/path_planning_in_ros2Config-version.cmake
[1.105s] -- Up-to-date symlink: /home/dinethra/ros_bot/install/path_planning_in_ros2/share/path_planning_in_ros2/package.xml
[1.111s] Invoked command in '/home/dinethra/ros_bot/build/path_planning_in_ros2' returned '0': CMAKE_PREFIX_PATH=/opt/ros/iron /usr/bin/cmake --install /home/dinethra/ros_bot/build/path_planning_in_ros2
