[0.008s] Invoking command in '/home/dinethra/ros_bot/build/path_planning_in_ros2': CMAKE_PREFIX_PATH=${CMAKE_PREFIX_PATH}:/opt/ros/iron /usr/bin/cmake /home/dinethra/ros_bot/src/path_planning_in_ros2 -DCMAKE_INSTALL_PREFIX=/home/dinethra/ros_bot/install/path_planning_in_ros2
[0.024s] -- Found ament_cmake: 2.0.6 (/opt/ros/iron/share/ament_cmake/cmake)
[0.138s] -- Override CMake install command with custom implementation using symlinks instead of copying resources
[0.152s] -- Found ament_lint_auto: 0.14.4 (/opt/ros/iron/share/ament_lint_auto/cmake)
[0.212s] -- Added test 'copyright' to check source files copyright and LICENSE
[0.220s] -- Added test 'flake8' to check Python code syntax and style conventions
[0.220s] -- Configured 'flake8' exclude dirs and/or files: 
[0.221s] -- Added test 'lint_cmake' to check CMake code style
[0.221s] -- Added test 'pep257' to check Python code against some of the docstring style conventions in PEP 257
[0.225s] -- Added test 'xmllint' to check XML markup files
[0.226s] -- Configuring done
[0.232s] -- Generating done
[0.234s] -- Build files have been written to: /home/dinethra/ros_bot/build/path_planning_in_ros2
[0.237s] Invoked command in '/home/dinethra/ros_bot/build/path_planning_in_ros2' returned '0': CMAKE_PREFIX_PATH=${CMAKE_PREFIX_PATH}:/opt/ros/iron /usr/bin/cmake /home/dinethra/ros_bot/src/path_planning_in_ros2 -DCMAKE_INSTALL_PREFIX=/home/dinethra/ros_bot/install/path_planning_in_ros2
[0.239s] Invoking command in '/home/dinethra/ros_bot/build/path_planning_in_ros2': CMAKE_PREFIX_PATH=${CMAKE_PREFIX_PATH}:/opt/ros/iron /usr/bin/cmake --build /home/dinethra/ros_bot/build/path_planning_in_ros2 -- -j12 -l12
[0.265s] Invoked command in '/home/dinethra/ros_bot/build/path_planning_in_ros2' returned '0': CMAKE_PREFIX_PATH=${CMAKE_PREFIX_PATH}:/opt/ros/iron /usr/bin/cmake --build /home/dinethra/ros_bot/build/path_planning_in_ros2 -- -j12 -l12
[0.285s] Invoking command in '/home/dinethra/ros_bot/build/path_planning_in_ros2': CMAKE_PREFIX_PATH=${CMAKE_PREFIX_PATH}:/opt/ros/iron /usr/bin/cmake --install /home/dinethra/ros_bot/build/path_planning_in_ros2
[0.290s] -- Install configuration: ""
[0.290s] -- Execute custom install script
[0.290s] -- Up-to-date symlink: /home/dinethra/ros_bot/install/path_planning_in_ros2/share/path_planning_in_ros2/config/drive_bot.rviz
[0.290s] -- Up-to-date symlink: /home/dinethra/ros_bot/install/path_planning_in_ros2/share/path_planning_in_ros2/config/empty.yaml
[0.290s] -- Up-to-date symlink: /home/dinethra/ros_bot/install/path_planning_in_ros2/share/path_planning_in_ros2/config/view_bot.rviz
[0.291s] -- Up-to-date symlink: /home/dinethra/ros_bot/install/path_planning_in_ros2/share/path_planning_in_ros2/description/gazebo_control.xacro
[0.291s] -- Up-to-date symlink: /home/dinethra/ros_bot/install/path_planning_in_ros2/share/path_planning_in_ros2/description/inertial_macros.xacro
[0.291s] -- Up-to-date symlink: /home/dinethra/ros_bot/install/path_planning_in_ros2/share/path_planning_in_ros2/description/robot.urdf.xacro
[0.291s] -- Up-to-date symlink: /home/dinethra/ros_bot/install/path_planning_in_ros2/share/path_planning_in_ros2/description/robot_core.xacro
[0.291s] -- Up-to-date symlink: /home/dinethra/ros_bot/install/path_planning_in_ros2/share/path_planning_in_ros2/launch/launch_sim.launch.py
[0.291s] -- Up-to-date symlink: /home/dinethra/ros_bot/install/path_planning_in_ros2/share/path_planning_in_ros2/launch/rsp.launch.py
[0.291s] -- Up-to-date symlink: /home/dinethra/ros_bot/install/path_planning_in_ros2/share/path_planning_in_ros2/worlds/empty.world
[0.291s] -- Up-to-date symlink: /home/dinethra/ros_bot/install/path_planning_in_ros2/share/path_planning_in_ros2/worlds/obstacles.world
[0.292s] -- Up-to-date symlink: /home/dinethra/ros_bot/install/path_planning_in_ros2/share/ament_index/resource_index/package_run_dependencies/path_planning_in_ros2
[0.292s] -- Up-to-date symlink: /home/dinethra/ros_bot/install/path_planning_in_ros2/share/ament_index/resource_index/parent_prefix_path/path_planning_in_ros2
[0.292s] -- Up-to-date symlink: /home/dinethra/ros_bot/install/path_planning_in_ros2/share/path_planning_in_ros2/environment/ament_prefix_path.sh
[0.292s] -- Up-to-date symlink: /home/dinethra/ros_bot/install/path_planning_in_ros2/share/path_planning_in_ros2/environment/ament_prefix_path.dsv
[0.292s] -- Up-to-date symlink: /home/dinethra/ros_bot/install/path_planning_in_ros2/share/path_planning_in_ros2/environment/path.sh
[0.292s] -- Up-to-date symlink: /home/dinethra/ros_bot/install/path_planning_in_ros2/share/path_planning_in_ros2/environment/path.dsv
[0.292s] -- Up-to-date symlink: /home/dinethra/ros_bot/install/path_planning_in_ros2/share/path_planning_in_ros2/local_setup.bash
[0.293s] -- Up-to-date symlink: /home/dinethra/ros_bot/install/path_planning_in_ros2/share/path_planning_in_ros2/local_setup.sh
[0.293s] -- Up-to-date symlink: /home/dinethra/ros_bot/install/path_planning_in_ros2/share/path_planning_in_ros2/local_setup.zsh
[0.293s] -- Up-to-date symlink: /home/dinethra/ros_bot/install/path_planning_in_ros2/share/path_planning_in_ros2/local_setup.dsv
[0.293s] -- Symlinking: /home/dinethra/ros_bot/install/path_planning_in_ros2/share/path_planning_in_ros2/package.dsv
[0.299s] -- Up-to-date symlink: /home/dinethra/ros_bot/install/path_planning_in_ros2/share/ament_index/resource_index/packages/path_planning_in_ros2
[0.299s] -- Up-to-date symlink: /home/dinethra/ros_bot/install/path_planning_in_ros2/share/path_planning_in_ros2/cmake/path_planning_in_ros2Config.cmake
[0.299s] -- Up-to-date symlink: /home/dinethra/ros_bot/install/path_planning_in_ros2/share/path_planning_in_ros2/cmake/path_planning_in_ros2Config-version.cmake
[0.299s] -- Up-to-date symlink: /home/dinethra/ros_bot/install/path_planning_in_ros2/share/path_planning_in_ros2/package.xml
[0.301s] Invoked command in '/home/dinethra/ros_bot/build/path_planning_in_ros2' returned '0': CMAKE_PREFIX_PATH=${CMAKE_PREFIX_PATH}:/opt/ros/iron /usr/bin/cmake --install /home/dinethra/ros_bot/build/path_planning_in_ros2
